<?xml version="1.0" encoding="UTF-8"?>
<!-- Generated by org.testng.reporters.JUnitReportReporter -->
<testsuite hostname="DESKTOP-K6RNPG9" failures="0" tests="1" name="com.example.pages.LoginTest" time="10.512" errors="0" timestamp="2025-04-09T20:59:30 IST" skipped="0">
  <testcase classname="com.example.pages.LoginTest" name="testValidLogin" time="10.512"/>
</testsuite> <!-- com.example.pages.LoginTest -->
